<?xml version="1.0" encoding="UTF-8"?>
<testng-results ignored="0" total="2" passed="2" failed="0" skipped="0">
  <reporter-output>
  </reporter-output>
  <suite started-at="2026-06-07T18:00:41 IST" name="SauceDemoSuite" finished-at="2026-06-07T18:00:49 IST" duration-ms="7593">
    <groups>
    </groups>
    <test started-at="2026-06-07T18:00:41 IST" name="ChromeTest" finished-at="2026-06-07T18:00:47 IST" duration-ms="5856">
      <class name="tests.BuyProductTest">
        <test-method is-config="true" signature="setup(java.lang.String)[pri:0, instance:tests.BuyProductTest@52b56a3e]" started-at="2026-06-07T18:00:41 IST" name="setup" finished-at="2026-06-07T18:00:45 IST" duration-ms="4398" status="PASS">
          <params>
            <param index="0">
              <value>
                <![CDATA[chrome]]>
              </value>
            </param>
          </params>
          <reporter-output>
          </reporter-output>
        </test-method> <!-- setup -->
        <test-method signature="buyProductTest()[pri:0, instance:tests.BuyProductTest@52b56a3e]" started-at="2026-06-07T18:00:45 IST" name="buyProductTest" finished-at="2026-06-07T18:00:47 IST" duration-ms="1341" status="PASS">
          <reporter-output>
          </reporter-output>
        </test-method> <!-- buyProductTest -->
        <test-method is-config="true" signature="tearDown()[pri:0, instance:tests.BuyProductTest@52b56a3e]" started-at="2026-06-07T18:00:47 IST" name="tearDown" finished-at="2026-06-07T18:00:47 IST" duration-ms="79" status="PASS">
          <reporter-output>
          </reporter-output>
        </test-method> <!-- tearDown -->
      </class> <!-- tests.BuyProductTest -->
    </test> <!-- ChromeTest -->
    <test started-at="2026-06-07T18:00:41 IST" name="FirefoxTest" finished-at="2026-06-07T18:00:49 IST" duration-ms="7593">
      <class name="tests.BuyProductTest2">
        <test-method is-config="true" signature="setup(java.lang.String)[pri:0, instance:tests.BuyProductTest2@f9879ac]" started-at="2026-06-07T18:00:41 IST" name="setup" finished-at="2026-06-07T18:00:46 IST" duration-ms="5053" status="PASS">
          <params>
            <param index="0">
              <value>
                <![CDATA[firefox]]>
              </value>
            </param>
          </params>
          <reporter-output>
          </reporter-output>
        </test-method> <!-- setup -->
        <test-method signature="buyProductTest()[pri:0, instance:tests.BuyProductTest2@f9879ac]" started-at="2026-06-07T18:00:46 IST" name="buyProductTest" finished-at="2026-06-07T18:00:48 IST" duration-ms="1928" status="PASS">
          <reporter-output>
          </reporter-output>
        </test-method> <!-- buyProductTest -->
        <test-method is-config="true" signature="tearDown()[pri:0, instance:tests.BuyProductTest2@f9879ac]" started-at="2026-06-07T18:00:48 IST" name="tearDown" finished-at="2026-06-07T18:00:49 IST" duration-ms="579" status="PASS">
          <reporter-output>
          </reporter-output>
        </test-method> <!-- tearDown -->
      </class> <!-- tests.BuyProductTest2 -->
    </test> <!-- FirefoxTest -->
  </suite> <!-- SauceDemoSuite -->
</testng-results>
