<?xml version="1.0" encoding="UTF-8"?>
<testng-results ignored="0" total="1" passed="1" failed="0" skipped="0">
  <reporter-output>
  </reporter-output>
  <suite started-at="2026-06-05T01:21:57 IST" name="SauceDemoSuite" finished-at="2026-06-05T01:22:00 IST" duration-ms="3348">
    <groups>
    </groups>
    <test started-at="2026-06-05T01:21:57 IST" name="BuyProductTest" finished-at="2026-06-05T01:22:00 IST" duration-ms="3348">
      <class name="tests.BuyProductTest">
        <test-method is-config="true" signature="setup()[pri:0, instance:tests.BuyProductTest@7586beff]" started-at="2026-06-05T01:21:57 IST" name="setup" finished-at="2026-06-05T01:21:59 IST" duration-ms="2084" status="PASS">
          <reporter-output>
          </reporter-output>
        </test-method> <!-- setup -->
        <test-method signature="buyProductTest()[pri:0, instance:tests.BuyProductTest@7586beff]" started-at="2026-06-05T01:21:59 IST" name="buyProductTest" finished-at="2026-06-05T01:22:00 IST" duration-ms="946" status="PASS">
          <reporter-output>
          </reporter-output>
        </test-method> <!-- buyProductTest -->
        <test-method is-config="true" signature="tearDown()[pri:0, instance:tests.BuyProductTest@7586beff]" started-at="2026-06-05T01:22:00 IST" name="tearDown" finished-at="2026-06-05T01:22:00 IST" duration-ms="275" status="PASS">
          <reporter-output>
          </reporter-output>
        </test-method> <!-- tearDown -->
      </class> <!-- tests.BuyProductTest -->
    </test> <!-- BuyProductTest -->
  </suite> <!-- SauceDemoSuite -->
</testng-results>
